<?xml version="1.0" encoding="UTF-8"?>
<TestRun id="4f997d31-2f06-4738-a3b6-46a9cea27a44" name="Admin@10266A-GEN-DEV 2022-07-20 06:40:34" runUser="10266A-GEN-DEV\Admin" xmlns="http://microsoft.com/schemas/VisualStudio/TeamTest/2010">
  <TestSettings name="Local" id="63150442-023f-4362-ac0f-2805b5a9e2b5">
    <Description>These are default test settings for a local test run.</Description>
    <Deployment enabled="false" runDeploymentRoot="Admin_10266A-GEN-DEV 2022-07-20 06_40_34">
      <DeploymentItem filename="E:\Labfiles\Lab 7\Ex2\Starter\StressTest\bin\Debug\StressTest.dll" />
    </Deployment>
    <Execution>
      <TestTypeSpecific />
      <AgentRule name="Execution Agents">
      </AgentRule>
    </Execution>
  </TestSettings>
  <Times creation="2022-07-20T06:40:34.5494921-07:00" queuing="2022-07-20T06:40:34.6539843-07:00" start="2022-07-20T06:40:34.6803515-07:00" finish="2022-07-20T06:40:34.8229296-07:00" />
  <ResultSummary outcome="Completed">
    <Counters total="9" executed="9" passed="9" error="0" failed="0" timeout="0" aborted="0" inconclusive="0" passedButRunAborted="0" notRunnable="0" notExecuted="0" disconnected="0" warning="0" completed="0" inProgress="0" pending="0" />
  </ResultSummary>
  <TestDefinitions>
    <UnitTest name="GetStressTestResultTest1" storage="e:\labfiles\lab 7\ex2\starter\stresstest unit test project\bin\debug\module 7 unit test project.dll" id="dc2ceaab-ef7a-cc9d-2cca-25e168dab36d">
      <Execution id="2e6fe425-c972-458d-9378-9dd7821a1c64" />
      <TestMethod codeBase="E:/Labfiles/Lab 7/Ex2/Starter/StressTest Unit Test Project/bin/Debug/Module 7 Unit Test Project.DLL" adapterTypeName="Microsoft.VisualStudio.TestTools.TestTypes.Unit.UnitTestAdapter, Microsoft.VisualStudio.QualityTools.Tips.UnitTest.Adapter, Version=10.0.0.0, Culture=neutral, PublicKeyToken=b03f5f7f11d50a3a" className="StressTests_Unit_Test_Project.StressTestCaseTest, Module 7 Unit Test Project, Version=1.0.0.0, Culture=neutral, PublicKeyToken=null" name="GetStressTestResultTest1" />
    </UnitTest>
    <UnitTest name="IncrementTestsTest" storage="e:\labfiles\lab 7\ex2\starter\stresstest unit test project\bin\debug\module 7 unit test project.dll" id="b0bbc1cd-3a19-4e77-46f6-513c8c6c7a78">
      <Execution id="0e66d50c-c79d-4fc6-8436-c09b14145b9c" />
      <TestMethod codeBase="E:/Labfiles/Lab 7/Ex2/Starter/StressTest Unit Test Project/bin/Debug/Module 7 Unit Test Project.DLL" adapterTypeName="Microsoft.VisualStudio.TestTools.TestTypes.Unit.UnitTestAdapter, Microsoft.VisualStudio.QualityTools.Tips.UnitTest.Adapter, Version=10.0.0.0, Culture=neutral, PublicKeyToken=b03f5f7f11d50a3a" className="StressTests_Unit_Test_Project.StressTestCase_TestStatisticsTest, Module 7 Unit Test Project, Version=1.0.0.0, Culture=neutral, PublicKeyToken=null" name="IncrementTestsTest" />
    </UnitTest>
    <UnitTest name="PerformStressTestTest" storage="e:\labfiles\lab 7\ex2\starter\stresstest unit test project\bin\debug\module 7 unit test project.dll" id="70ae57c7-d038-7d7d-6df9-662a9e2eccf2">
      <Execution id="63e9b908-08ec-424a-9e14-f4b9d9676a3e" />
      <TestMethod codeBase="E:/Labfiles/Lab 7/Ex2/Starter/StressTest Unit Test Project/bin/Debug/Module 7 Unit Test Project.DLL" adapterTypeName="Microsoft.VisualStudio.TestTools.TestTypes.Unit.UnitTestAdapter, Microsoft.VisualStudio.QualityTools.Tips.UnitTest.Adapter, Version=10.0.0.0, Culture=neutral, PublicKeyToken=b03f5f7f11d50a3a" className="StressTests_Unit_Test_Project.StressTestCaseTest, Module 7 Unit Test Project, Version=1.0.0.0, Culture=neutral, PublicKeyToken=null" name="PerformStressTestTest" />
    </UnitTest>
    <UnitTest name="GetStressTestResultTest2" storage="e:\labfiles\lab 7\ex2\starter\stresstest unit test project\bin\debug\module 7 unit test project.dll" id="dc3c367e-afcc-bfbf-5de6-7f409a5f19b9">
      <Execution id="ac511bc2-139a-472e-95b2-04d3f53827a3" />
      <TestMethod codeBase="E:/Labfiles/Lab 7/Ex2/Starter/StressTest Unit Test Project/bin/Debug/Module 7 Unit Test Project.DLL" adapterTypeName="Microsoft.VisualStudio.TestTools.TestTypes.Unit.UnitTestAdapter, Microsoft.VisualStudio.QualityTools.Tips.UnitTest.Adapter, Version=10.0.0.0, Culture=neutral, PublicKeyToken=b03f5f7f11d50a3a" className="StressTests_Unit_Test_Project.StressTestCaseTest, Module 7 Unit Test Project, Version=1.0.0.0, Culture=neutral, PublicKeyToken=null" name="GetStressTestResultTest2" />
    </UnitTest>
    <UnitTest name="StressTestCaseConstructorTest1" storage="e:\labfiles\lab 7\ex2\starter\stresstest unit test project\bin\debug\module 7 unit test project.dll" id="f70fc7f2-2889-1a4a-6c2b-231756f3c6d0">
      <Execution id="ded4211a-802b-43e2-a194-f4840995a507" />
      <TestMethod codeBase="E:/Labfiles/Lab 7/Ex2/Starter/StressTest Unit Test Project/bin/Debug/Module 7 Unit Test Project.DLL" adapterTypeName="Microsoft.VisualStudio.TestTools.TestTypes.Unit.UnitTestAdapter, Microsoft.VisualStudio.QualityTools.Tips.UnitTest.Adapter, Version=10.0.0.0, Culture=neutral, PublicKeyToken=b03f5f7f11d50a3a" className="StressTests_Unit_Test_Project.StressTestCaseTest, Module 7 Unit Test Project, Version=1.0.0.0, Culture=neutral, PublicKeyToken=null" name="StressTestCaseConstructorTest1" />
    </UnitTest>
    <UnitTest name="GetNumberOfFailuresTest" storage="e:\labfiles\lab 7\ex2\starter\stresstest unit test project\bin\debug\module 7 unit test project.dll" id="73880309-9d43-4408-35a2-c1c47dccca49">
      <Execution id="00e7ade9-84e1-40c8-8011-bdff0dfbb2ea" />
      <TestMethod codeBase="E:/Labfiles/Lab 7/Ex2/Starter/StressTest Unit Test Project/bin/Debug/Module 7 Unit Test Project.DLL" adapterTypeName="Microsoft.VisualStudio.TestTools.TestTypes.Unit.UnitTestAdapter, Microsoft.VisualStudio.QualityTools.Tips.UnitTest.Adapter, Version=10.0.0.0, Culture=neutral, PublicKeyToken=b03f5f7f11d50a3a" className="StressTests_Unit_Test_Project.StressTestCase_TestStatisticsTest, Module 7 Unit Test Project, Version=1.0.0.0, Culture=neutral, PublicKeyToken=null" name="GetNumberOfFailuresTest" />
    </UnitTest>
    <UnitTest name="ToStringTest" storage="e:\labfiles\lab 7\ex2\starter\stresstest unit test project\bin\debug\module 7 unit test project.dll" id="88dddc01-b6a3-92c3-1d4c-cc8c52876537">
      <Execution id="5dfa8242-025a-4a7b-b0f1-96b26b37e5a6" />
      <TestMethod codeBase="E:/Labfiles/Lab 7/Ex2/Starter/StressTest Unit Test Project/bin/Debug/Module 7 Unit Test Project.DLL" adapterTypeName="Microsoft.VisualStudio.TestTools.TestTypes.Unit.UnitTestAdapter, Microsoft.VisualStudio.QualityTools.Tips.UnitTest.Adapter, Version=10.0.0.0, Culture=neutral, PublicKeyToken=b03f5f7f11d50a3a" className="StressTests_Unit_Test_Project.StressTestCaseTest, Module 7 Unit Test Project, Version=1.0.0.0, Culture=neutral, PublicKeyToken=null" name="ToStringTest" />
    </UnitTest>
    <UnitTest name="GetNumberOfTestsPerformedTest" storage="e:\labfiles\lab 7\ex2\starter\stresstest unit test project\bin\debug\module 7 unit test project.dll" id="5701310d-d264-40e2-ce25-5834e0e15b23">
      <Execution id="63bb3ed0-dfbb-4ccc-8b30-b463c9a78303" />
      <TestMethod codeBase="E:/Labfiles/Lab 7/Ex2/Starter/StressTest Unit Test Project/bin/Debug/Module 7 Unit Test Project.DLL" adapterTypeName="Microsoft.VisualStudio.TestTools.TestTypes.Unit.UnitTestAdapter, Microsoft.VisualStudio.QualityTools.Tips.UnitTest.Adapter, Version=10.0.0.0, Culture=neutral, PublicKeyToken=b03f5f7f11d50a3a" className="StressTests_Unit_Test_Project.StressTestCase_TestStatisticsTest, Module 7 Unit Test Project, Version=1.0.0.0, Culture=neutral, PublicKeyToken=null" name="GetNumberOfTestsPerformedTest" />
    </UnitTest>
    <UnitTest name="StressTestCaseConstructorTest" storage="e:\labfiles\lab 7\ex2\starter\stresstest unit test project\bin\debug\module 7 unit test project.dll" id="e09a9013-a6fb-3b11-e1ee-b6cfc1f50662">
      <Execution id="8dc8ad30-1d5b-4983-84e4-4f568d687b9b" />
      <TestMethod codeBase="E:/Labfiles/Lab 7/Ex2/Starter/StressTest Unit Test Project/bin/Debug/Module 7 Unit Test Project.DLL" adapterTypeName="Microsoft.VisualStudio.TestTools.TestTypes.Unit.UnitTestAdapter, Microsoft.VisualStudio.QualityTools.Tips.UnitTest.Adapter, Version=10.0.0.0, Culture=neutral, PublicKeyToken=b03f5f7f11d50a3a" className="StressTests_Unit_Test_Project.StressTestCaseTest, Module 7 Unit Test Project, Version=1.0.0.0, Culture=neutral, PublicKeyToken=null" name="StressTestCaseConstructorTest" />
    </UnitTest>
  </TestDefinitions>
  <TestLists>
    <TestList name="Results Not in a List" id="8c84fa94-04c1-424b-9868-57a2d4851a1d" />
    <TestList name="All Loaded Results" id="19431567-8539-422a-85d7-44ee4e166bda" />
  </TestLists>
  <TestEntries>
    <TestEntry testId="5701310d-d264-40e2-ce25-5834e0e15b23" executionId="63bb3ed0-dfbb-4ccc-8b30-b463c9a78303" testListId="8c84fa94-04c1-424b-9868-57a2d4851a1d" />
    <TestEntry testId="70ae57c7-d038-7d7d-6df9-662a9e2eccf2" executionId="63e9b908-08ec-424a-9e14-f4b9d9676a3e" testListId="8c84fa94-04c1-424b-9868-57a2d4851a1d" />
    <TestEntry testId="73880309-9d43-4408-35a2-c1c47dccca49" executionId="00e7ade9-84e1-40c8-8011-bdff0dfbb2ea" testListId="8c84fa94-04c1-424b-9868-57a2d4851a1d" />
    <TestEntry testId="88dddc01-b6a3-92c3-1d4c-cc8c52876537" executionId="5dfa8242-025a-4a7b-b0f1-96b26b37e5a6" testListId="8c84fa94-04c1-424b-9868-57a2d4851a1d" />
    <TestEntry testId="b0bbc1cd-3a19-4e77-46f6-513c8c6c7a78" executionId="0e66d50c-c79d-4fc6-8436-c09b14145b9c" testListId="8c84fa94-04c1-424b-9868-57a2d4851a1d" />
    <TestEntry testId="dc2ceaab-ef7a-cc9d-2cca-25e168dab36d" executionId="2e6fe425-c972-458d-9378-9dd7821a1c64" testListId="8c84fa94-04c1-424b-9868-57a2d4851a1d" />
    <TestEntry testId="dc3c367e-afcc-bfbf-5de6-7f409a5f19b9" executionId="ac511bc2-139a-472e-95b2-04d3f53827a3" testListId="8c84fa94-04c1-424b-9868-57a2d4851a1d" />
    <TestEntry testId="e09a9013-a6fb-3b11-e1ee-b6cfc1f50662" executionId="8dc8ad30-1d5b-4983-84e4-4f568d687b9b" testListId="8c84fa94-04c1-424b-9868-57a2d4851a1d" />
    <TestEntry testId="f70fc7f2-2889-1a4a-6c2b-231756f3c6d0" executionId="ded4211a-802b-43e2-a194-f4840995a507" testListId="8c84fa94-04c1-424b-9868-57a2d4851a1d" />
  </TestEntries>
  <Results>
    <UnitTestResult executionId="63bb3ed0-dfbb-4ccc-8b30-b463c9a78303" testId="5701310d-d264-40e2-ce25-5834e0e15b23" testName="GetNumberOfTestsPerformedTest" computerName="10266A-GEN-DEV" duration="00:00:00.0081206" startTime="2022-07-20T06:40:34.6842578-07:00" endTime="2022-07-20T06:40:34.7799609-07:00" testType="13cdc9d9-ddb5-4fa4-a97d-d965ccfc6d4b" outcome="Passed" testListId="8c84fa94-04c1-424b-9868-57a2d4851a1d" relativeResultsDirectory="63bb3ed0-dfbb-4ccc-8b30-b463c9a78303">
    </UnitTestResult>
    <UnitTestResult executionId="63e9b908-08ec-424a-9e14-f4b9d9676a3e" testId="70ae57c7-d038-7d7d-6df9-662a9e2eccf2" testName="PerformStressTestTest" computerName="10266A-GEN-DEV" duration="00:00:00.0008277" startTime="2022-07-20T06:40:34.7809375-07:00" endTime="2022-07-20T06:40:34.7828906-07:00" testType="13cdc9d9-ddb5-4fa4-a97d-d965ccfc6d4b" outcome="Passed" testListId="8c84fa94-04c1-424b-9868-57a2d4851a1d" relativeResultsDirectory="63e9b908-08ec-424a-9e14-f4b9d9676a3e">
    </UnitTestResult>
    <UnitTestResult executionId="00e7ade9-84e1-40c8-8011-bdff0dfbb2ea" testId="73880309-9d43-4408-35a2-c1c47dccca49" testName="GetNumberOfFailuresTest" computerName="10266A-GEN-DEV" duration="00:00:00.0002622" startTime="2022-07-20T06:40:34.7838671-07:00" endTime="2022-07-20T06:40:34.7858203-07:00" testType="13cdc9d9-ddb5-4fa4-a97d-d965ccfc6d4b" outcome="Passed" testListId="8c84fa94-04c1-424b-9868-57a2d4851a1d" relativeResultsDirectory="00e7ade9-84e1-40c8-8011-bdff0dfbb2ea">
    </UnitTestResult>
    <UnitTestResult executionId="5dfa8242-025a-4a7b-b0f1-96b26b37e5a6" testId="88dddc01-b6a3-92c3-1d4c-cc8c52876537" testName="ToStringTest" computerName="10266A-GEN-DEV" duration="00:00:00.0002708" startTime="2022-07-20T06:40:34.7867968-07:00" endTime="2022-07-20T06:40:34.7887500-07:00" testType="13cdc9d9-ddb5-4fa4-a97d-d965ccfc6d4b" outcome="Passed" testListId="8c84fa94-04c1-424b-9868-57a2d4851a1d" relativeResultsDirectory="5dfa8242-025a-4a7b-b0f1-96b26b37e5a6">
    </UnitTestResult>
    <UnitTestResult executionId="0e66d50c-c79d-4fc6-8436-c09b14145b9c" testId="b0bbc1cd-3a19-4e77-46f6-513c8c6c7a78" testName="IncrementTestsTest" computerName="10266A-GEN-DEV" duration="00:00:00.0000885" startTime="2022-07-20T06:40:34.7897265-07:00" endTime="2022-07-20T06:40:34.7916796-07:00" testType="13cdc9d9-ddb5-4fa4-a97d-d965ccfc6d4b" outcome="Passed" testListId="8c84fa94-04c1-424b-9868-57a2d4851a1d" relativeResultsDirectory="0e66d50c-c79d-4fc6-8436-c09b14145b9c">
    </UnitTestResult>
    <UnitTestResult executionId="2e6fe425-c972-458d-9378-9dd7821a1c64" testId="dc2ceaab-ef7a-cc9d-2cca-25e168dab36d" testName="GetStressTestResultTest1" computerName="10266A-GEN-DEV" duration="00:00:00.0003571" startTime="2022-07-20T06:40:34.7926562-07:00" endTime="2022-07-20T06:40:34.7946093-07:00" testType="13cdc9d9-ddb5-4fa4-a97d-d965ccfc6d4b" outcome="Passed" testListId="8c84fa94-04c1-424b-9868-57a2d4851a1d" relativeResultsDirectory="2e6fe425-c972-458d-9378-9dd7821a1c64">
    </UnitTestResult>
    <UnitTestResult executionId="ac511bc2-139a-472e-95b2-04d3f53827a3" testId="dc3c367e-afcc-bfbf-5de6-7f409a5f19b9" testName="GetStressTestResultTest2" computerName="10266A-GEN-DEV" duration="00:00:00.0001001" startTime="2022-07-20T06:40:34.7946093-07:00" endTime="2022-07-20T06:40:34.7965625-07:00" testType="13cdc9d9-ddb5-4fa4-a97d-d965ccfc6d4b" outcome="Passed" testListId="8c84fa94-04c1-424b-9868-57a2d4851a1d" relativeResultsDirectory="ac511bc2-139a-472e-95b2-04d3f53827a3">
    </UnitTestResult>
    <UnitTestResult executionId="8dc8ad30-1d5b-4983-84e4-4f568d687b9b" testId="e09a9013-a6fb-3b11-e1ee-b6cfc1f50662" testName="StressTestCaseConstructorTest" computerName="10266A-GEN-DEV" duration="00:00:00.0002181" startTime="2022-07-20T06:40:34.7975390-07:00" endTime="2022-07-20T06:40:34.8004687-07:00" testType="13cdc9d9-ddb5-4fa4-a97d-d965ccfc6d4b" outcome="Passed" testListId="8c84fa94-04c1-424b-9868-57a2d4851a1d" relativeResultsDirectory="8dc8ad30-1d5b-4983-84e4-4f568d687b9b">
    </UnitTestResult>
    <UnitTestResult executionId="ded4211a-802b-43e2-a194-f4840995a507" testId="f70fc7f2-2889-1a4a-6c2b-231756f3c6d0" testName="StressTestCaseConstructorTest1" computerName="10266A-GEN-DEV" duration="00:00:00.0000966" startTime="2022-07-20T06:40:34.8004687-07:00" endTime="2022-07-20T06:40:34.8024218-07:00" testType="13cdc9d9-ddb5-4fa4-a97d-d965ccfc6d4b" outcome="Passed" testListId="8c84fa94-04c1-424b-9868-57a2d4851a1d" relativeResultsDirectory="ded4211a-802b-43e2-a194-f4840995a507">
    </UnitTestResult>
  </Results>
</TestRun>